<?xml version="1.0" encoding="UTF-8"?>
<!-- Generated by org.testng.reporters.JUnitReportReporter -->
<testsuite hostname="DESKTOP-PBAV14D" failures="0" tests="1" name="TestNG_B_Test.NewTest" time="0.015" errors="0" timestamp="2021-05-13T01:36:10 IST" skipped="0">
  <testcase classname="TestNG_B_Test.NewTest" name="Test10" time="0.015"/>
  <system-out/>
</testsuite> <!-- TestNG_B_Test.NewTest -->
