<?xml version="1.0" encoding="UTF-8"?>
<!-- Generated by org.testng.reporters.JUnitReportReporter -->
<testsuite hostname="DESKTOP-PBAV14D" failures="0" tests="3" name="TestNG_B_Test.Test5" time="0.023" errors="0" timestamp="2021-05-13T19:40:54 IST" skipped="0">
  <testcase classname="TestNG_B_Test.Test5" name="Test7" time="0.005"/>
  <system-out/>
  <testcase classname="TestNG_B_Test.Test5" name="Test6" time="0.006"/>
  <system-out/>
  <testcase classname="TestNG_B_Test.Test5" name="test8" time="0.012"/>
  <system-out/>
</testsuite> <!-- TestNG_B_Test.Test5 -->
