<?xml version="1.0" encoding="UTF-8"?>
<!-- Generated by org.testng.reporters.JUnitReportReporter -->
<testsuite hostname="DESKTOP-PBAV14D" failures="0" tests="4" name="TestNG_B_Test.TestNG_2" time="0.042" errors="0" timestamp="2021-05-13T00:36:07 IST" skipped="0">
  <testcase classname="TestNG_B_Test.TestNG_2" name="test2" time="0.010"/>
  <system-out/>
  <testcase classname="TestNG_B_Test.TestNG_2" name="test3" time="0.005"/>
  <system-out/>
  <testcase classname="TestNG_B_Test.TestNG_2" name="test1" time="0.022"/>
  <system-out/>
  <testcase classname="TestNG_B_Test.TestNG_2" name="test4" time="0.005"/>
  <system-out/>
</testsuite> <!-- TestNG_B_Test.TestNG_2 -->
