<?xml version="1.0" encoding="UTF-8"?>
<!-- Generated by org.testng.reporters.JUnitReportReporter -->
<testsuite hostname="DESKTOP-PBAV14D" failures="0" tests="2" name="TestNG_B_Test.TestNG_2" time="0.012" errors="0" timestamp="2021-05-13T19:40:54 IST" skipped="0">
  <testcase classname="TestNG_B_Test.TestNG_2" name="test4" time="0.006"/>
  <system-out/>
  <testcase classname="TestNG_B_Test.TestNG_2" name="test1" time="0.006"/>
  <system-out/>
</testsuite> <!-- TestNG_B_Test.TestNG_2 -->
